<?xml version="1.0" encoding="UTF-8"?>
<!-- Generated by org.testng.reporters.JUnitXMLReporter -->
<testsuite hostname="ank-debian" ignored="0" name="Test1" tests="9" failures="0" timestamp="14 Dec 2017 06:55:36 GMT" time="30.408" errors="0">
  <testcase name="testISLogin" time="3.155" classname="org.ank.IStest.IsHomeTestCase"/>
  <testcase name="testInvalidPasswdLogin" time="3.09" classname="org.ank.IStest.IsLoginTestCase"/>
  <testcase name="verifyHomepage" time="0.034" classname="org.ank.IStest.IsHomeTestCase"/>
  <testcase name="testInvalidUsernameLogin" time="2.468" classname="org.ank.IStest.IsLoginTestCase"/>
  <testcase name="testSpCreation" time="8.012" classname="org.ank.IStest.IsHomeTestCase"/>
  <testcase name="testInvalidBothLogin" time="2.533" classname="org.ank.IStest.IsLoginTestCase"/>
  <testcase name="testIdpCreation" time="2.858" classname="org.ank.IStest.IsHomeTestCase"/>
  <testcase name="testSPDelete" time="4.563" classname="org.ank.IStest.IsHomeTestCase"/>
  <testcase name="testIdpDelete" time="2.573" classname="org.ank.IStest.IsHomeTestCase"/>
</testsuite> <!-- Test1 -->
