<?xml version="1.0" encoding="UTF-8"?>
<testng-results skipped="0" failed="0" ignored="0" total="9" passed="9">
  <reporter-output>
  </reporter-output>
  <suite name="Tests" duration-ms="30408" started-at="2017-12-14T06:55:06Z" finished-at="2017-12-14T06:55:36Z">
    <groups>
    </groups>
    <test name="Test1" duration-ms="30408" started-at="2017-12-14T06:55:06Z" finished-at="2017-12-14T06:55:36Z">
      <class name="org.ank.IStest.IsHomeTestCase">
        <test-method status="PASS" signature="setUp()[pri:0, instance:org.ank.IStest.IsHomeTestCase@68837a77]" name="setUp" is-config="true" duration-ms="700" started-at="2017-12-14T12:25:06Z" finished-at="2017-12-14T12:25:06Z">
          <reporter-output>
          </reporter-output>
        </test-method> <!-- setUp -->
        <test-method status="PASS" signature="testISLogin()[pri:0, instance:org.ank.IStest.IsHomeTestCase@68837a77]" name="testISLogin" duration-ms="3155" started-at="2017-12-14T12:25:06Z" finished-at="2017-12-14T12:25:09Z">
          <reporter-output>
          </reporter-output>
        </test-method> <!-- testISLogin -->
        <test-method status="PASS" signature="verifyHomepage()[pri:1, instance:org.ank.IStest.IsHomeTestCase@68837a77]" name="verifyHomepage" duration-ms="34" started-at="2017-12-14T12:25:13Z" depends-on-methods="org.ank.IStest.IsHomeTestCase.testISLogin" finished-at="2017-12-14T12:25:13Z">
          <reporter-output>
          </reporter-output>
        </test-method> <!-- verifyHomepage -->
        <test-method status="PASS" signature="testSpCreation()[pri:2, instance:org.ank.IStest.IsHomeTestCase@68837a77]" name="testSpCreation" duration-ms="8012" started-at="2017-12-14T12:25:15Z" depends-on-methods="org.ank.IStest.IsHomeTestCase.testISLogin" finished-at="2017-12-14T12:25:23Z">
          <reporter-output>
          </reporter-output>
        </test-method> <!-- testSpCreation -->
        <test-method status="PASS" signature="testIdpCreation()[pri:3, instance:org.ank.IStest.IsHomeTestCase@68837a77]" name="testIdpCreation" duration-ms="2858" started-at="2017-12-14T12:25:26Z" depends-on-methods="org.ank.IStest.IsHomeTestCase.testISLogin" finished-at="2017-12-14T12:25:29Z">
          <reporter-output>
          </reporter-output>
        </test-method> <!-- testIdpCreation -->
        <test-method status="PASS" signature="testSPDelete()[pri:4, instance:org.ank.IStest.IsHomeTestCase@68837a77]" name="testSPDelete" duration-ms="4563" started-at="2017-12-14T12:25:29Z" depends-on-methods="org.ank.IStest.IsHomeTestCase.testISLogin" finished-at="2017-12-14T12:25:33Z">
          <reporter-output>
          </reporter-output>
        </test-method> <!-- testSPDelete -->
        <test-method status="PASS" signature="testIdpDelete()[pri:5, instance:org.ank.IStest.IsHomeTestCase@68837a77]" name="testIdpDelete" duration-ms="2573" started-at="2017-12-14T12:25:33Z" depends-on-methods="org.ank.IStest.IsHomeTestCase.testISLogin" finished-at="2017-12-14T12:25:36Z">
          <reporter-output>
          </reporter-output>
        </test-method> <!-- testIdpDelete -->
        <test-method status="PASS" signature="tearDown()[pri:0, instance:org.ank.IStest.IsHomeTestCase@68837a77]" name="tearDown" is-config="true" duration-ms="71" started-at="2017-12-14T12:25:36Z" finished-at="2017-12-14T12:25:36Z">
          <reporter-output>
          </reporter-output>
        </test-method> <!-- tearDown -->
      </class> <!-- org.ank.IStest.IsHomeTestCase -->
      <class name="org.ank.IStest.IsLoginTestCase">
        <test-method status="PASS" signature="setUp()[pri:0, instance:org.ank.IStest.IsLoginTestCase@3567135c]" name="setUp" is-config="true" duration-ms="267" started-at="2017-12-14T12:25:09Z" finished-at="2017-12-14T12:25:10Z">
          <reporter-output>
          </reporter-output>
        </test-method> <!-- setUp -->
        <test-method status="PASS" signature="testInvalidPasswdLogin()[pri:0, instance:org.ank.IStest.IsLoginTestCase@3567135c]" name="testInvalidPasswdLogin" duration-ms="3090" started-at="2017-12-14T12:25:10Z" description="Invalid password" finished-at="2017-12-14T12:25:13Z">
          <reporter-output>
          </reporter-output>
        </test-method> <!-- testInvalidPasswdLogin -->
        <test-method status="PASS" signature="testInvalidUsernameLogin()[pri:1, instance:org.ank.IStest.IsLoginTestCase@3567135c]" name="testInvalidUsernameLogin" duration-ms="2468" started-at="2017-12-14T12:25:13Z" description="Invalid username" finished-at="2017-12-14T12:25:15Z">
          <reporter-output>
          </reporter-output>
        </test-method> <!-- testInvalidUsernameLogin -->
        <test-method status="PASS" signature="testInvalidBothLogin()[pri:2, instance:org.ank.IStest.IsLoginTestCase@3567135c]" name="testInvalidBothLogin" duration-ms="2533" started-at="2017-12-14T12:25:23Z" description="Invalid username &amp; password" finished-at="2017-12-14T12:25:26Z">
          <reporter-output>
          </reporter-output>
        </test-method> <!-- testInvalidBothLogin -->
        <test-method status="PASS" signature="tearDown()[pri:0, instance:org.ank.IStest.IsLoginTestCase@3567135c]" name="tearDown" is-config="true" duration-ms="65" started-at="2017-12-14T12:25:26Z" finished-at="2017-12-14T12:25:26Z">
          <reporter-output>
          </reporter-output>
        </test-method> <!-- tearDown -->
      </class> <!-- org.ank.IStest.IsLoginTestCase -->
    </test> <!-- Test1 -->
  </suite> <!-- Tests -->
</testng-results>
