<?xml version="1.0" encoding="UTF-8"?>
<testsuite xmlns:xsi="http://www.w3.org/2001/XMLSchema-instance" xsi:noNamespaceSchemaLocation="https://maven.apache.org/surefire/maven-surefire-plugin/xsd/surefire-test-report.xsd" name="TestSuite" time="96.248" tests="12" errors="0" skipped="0" failures="2">
  <properties>
[...]
</properties>
  <testcase name="testISLogin" classname="org.ank.IStest.IsHomeTestCase" time="3.044"/>
  <testcase name="testInvalidPasswdLogin" classname="org.ank.IStest.IsLoginTestCase" time="3.119"/>
  <testcase name="testISLogin" classname="org.ank.IStest.UserManagementTestCase" time="3.032"/>
  <testcase name="verifyHomepage" classname="org.ank.IStest.IsHomeTestCase" time="0.032"/>
  <testcase name="testInvalidUsernameLogin" classname="org.ank.IStest.IsLoginTestCase" time="2.501"/>
  <testcase name="testRoleAdd" classname="org.ank.IStest.UserManagementTestCase" time="31.246">
    <failure message="no such element: Unable to locate element: {&quot;method&quot;:&quot;xpath&quot;,&quot;selector&quot;:&quot;//table[@id=&apos;roleTable&apos;]/tbody/tr[4]/td&quot;}&#10;  (Session info: chrome=59.0.3071.115)&#10;  (Driver info: chromedriver=2.30.477691 (6ee44a7247c639c0703f291d320bdf05c1531b57),platform=Linux 3.16.0-4-amd64 x86_64) (WARNING: The server did not provide any stacktrace information)&#10;Command duration or timeout: 0 milliseconds&#10;For documentation on this error, please visit: http://seleniumhq.org/exceptions/no_such_element.html&#10;Build info: version: &apos;3.5.1&apos;, revision: &apos;9c21bb67ef&apos;, time: &apos;2017-08-17T15:26:08.955Z&apos;&#10;System info: host: &apos;ank-debian&apos;, ip: &apos;127.0.1.1&apos;, os.name: &apos;Linux&apos;, os.arch: &apos;amd64&apos;, os.version: &apos;3.16.0-4-amd64&apos;, java.version: &apos;1.8.0_131&apos;&#10;Driver info: org.openqa.selenium.chrome.ChromeDriver&#10;Capabilities [{applicationCacheEnabled=false, rotatable=false, mobileEmulationEnabled=false, networkConnectionEnabled=false, chrome={chromedriverVersion=2.30.477691 (6ee44a7247c639c0703f291d320bdf05c1531b57), userDataDir=/tmp/.org.chromium.Chromium.BaJ8YE}, takesHeapSnapshot=true, pageLoadStrategy=normal, unhandledPromptBehavior=, databaseEnabled=false, handlesAlerts=true, hasTouchScreen=false, version=59.0.3071.115, platform=LINUX, browserConnectionEnabled=false, nativeEvents=true, acceptSslCerts=true, locationContextEnabled=true, webStorageEnabled=true, browserName=chrome, takesScreenshot=true, javascriptEnabled=true, cssSelectorsEnabled=true, unexpectedAlertBehaviour=}]&#10;Session ID: beb1657171c5fe545b367318df7f849c&#10;*** Element info: {Using=xpath, value=//table[@id=&apos;roleTable&apos;]/tbody/tr[4]/td}" type="org.openqa.selenium.NoSuchElementException">org.openqa.selenium.NoSuchElementException: 
no such element: Unable to locate element: {"method":"xpath","selector":"//table[@id='roleTable']/tbody/tr[4]/td"}
  (Session info: chrome=59.0.3071.115)
  (Driver info: chromedriver=2.30.477691 (6ee44a7247c639c0703f291d320bdf05c1531b57),platform=Linux 3.16.0-4-amd64 x86_64) (WARNING: The server did not provide any stacktrace information)
Command duration or timeout: 0 milliseconds
For documentation on this error, please visit: http://seleniumhq.org/exceptions/no_such_element.html
Build info: version: '3.5.1', revision: '9c21bb67ef', time: '2017-08-17T15:26:08.955Z'
System info: host: 'ank-debian', ip: '127.0.1.1', os.name: 'Linux', os.arch: 'amd64', os.version: '3.16.0-4-amd64', java.version: '1.8.0_131'
Driver info: org.openqa.selenium.chrome.ChromeDriver
Capabilities [{applicationCacheEnabled=false, rotatable=false, mobileEmulationEnabled=false, networkConnectionEnabled=false, chrome={chromedriverVersion=2.30.477691 (6ee44a7247c639c0703f291d320bdf05c1531b57), userDataDir=/tmp/.org.chromium.Chromium.BaJ8YE}, takesHeapSnapshot=true, pageLoadStrategy=normal, unhandledPromptBehavior=, databaseEnabled=false, handlesAlerts=true, hasTouchScreen=false, version=59.0.3071.115, platform=LINUX, browserConnectionEnabled=false, nativeEvents=true, acceptSslCerts=true, locationContextEnabled=true, webStorageEnabled=true, browserName=chrome, takesScreenshot=true, javascriptEnabled=true, cssSelectorsEnabled=true, unexpectedAlertBehaviour=}]
Session ID: beb1657171c5fe545b367318df7f849c
*** Element info: {Using=xpath, value=//table[@id='roleTable']/tbody/tr[4]/td}
	at org.ank.IStest.UserManagementTestCase.testRoleAdd(UserManagementTestCase.java:60)
</failure>
    <system-out><![CDATA[MSG ===============================Role PRIMARY/testRole is added successfully.
]]></system-out>
  </testcase>
  <testcase name="testSpCreation" classname="org.ank.IStest.IsHomeTestCase" time="8.042"/>
  <testcase name="testInvalidBothLogin" classname="org.ank.IStest.IsLoginTestCase" time="2.566"/>
  <testcase name="testUserAdd" classname="org.ank.IStest.UserManagementTestCase" time="31.003">
    <failure message="no such element: Unable to locate element: {&quot;method&quot;:&quot;xpath&quot;,&quot;selector&quot;:&quot;//table[@id=&apos;userTable&apos;]/tbody/tr[4]/td&quot;}&#10;  (Session info: chrome=59.0.3071.115)&#10;  (Driver info: chromedriver=2.30.477691 (6ee44a7247c639c0703f291d320bdf05c1531b57),platform=Linux 3.16.0-4-amd64 x86_64) (WARNING: The server did not provide any stacktrace information)&#10;Command duration or timeout: 0 milliseconds&#10;For documentation on this error, please visit: http://seleniumhq.org/exceptions/no_such_element.html&#10;Build info: version: &apos;3.5.1&apos;, revision: &apos;9c21bb67ef&apos;, time: &apos;2017-08-17T15:26:08.955Z&apos;&#10;System info: host: &apos;ank-debian&apos;, ip: &apos;127.0.1.1&apos;, os.name: &apos;Linux&apos;, os.arch: &apos;amd64&apos;, os.version: &apos;3.16.0-4-amd64&apos;, java.version: &apos;1.8.0_131&apos;&#10;Driver info: org.openqa.selenium.chrome.ChromeDriver&#10;Capabilities [{applicationCacheEnabled=false, rotatable=false, mobileEmulationEnabled=false, networkConnectionEnabled=false, chrome={chromedriverVersion=2.30.477691 (6ee44a7247c639c0703f291d320bdf05c1531b57), userDataDir=/tmp/.org.chromium.Chromium.BaJ8YE}, takesHeapSnapshot=true, pageLoadStrategy=normal, unhandledPromptBehavior=, databaseEnabled=false, handlesAlerts=true, hasTouchScreen=false, version=59.0.3071.115, platform=LINUX, browserConnectionEnabled=false, nativeEvents=true, acceptSslCerts=true, locationContextEnabled=true, webStorageEnabled=true, browserName=chrome, takesScreenshot=true, javascriptEnabled=true, cssSelectorsEnabled=true, unexpectedAlertBehaviour=}]&#10;Session ID: beb1657171c5fe545b367318df7f849c&#10;*** Element info: {Using=xpath, value=//table[@id=&apos;userTable&apos;]/tbody/tr[4]/td}" type="org.openqa.selenium.NoSuchElementException">org.openqa.selenium.NoSuchElementException: 
no such element: Unable to locate element: {"method":"xpath","selector":"//table[@id='userTable']/tbody/tr[4]/td"}
  (Session info: chrome=59.0.3071.115)
  (Driver info: chromedriver=2.30.477691 (6ee44a7247c639c0703f291d320bdf05c1531b57),platform=Linux 3.16.0-4-amd64 x86_64) (WARNING: The server did not provide any stacktrace information)
Command duration or timeout: 0 milliseconds
For documentation on this error, please visit: http://seleniumhq.org/exceptions/no_such_element.html
Build info: version: '3.5.1', revision: '9c21bb67ef', time: '2017-08-17T15:26:08.955Z'
System info: host: 'ank-debian', ip: '127.0.1.1', os.name: 'Linux', os.arch: 'amd64', os.version: '3.16.0-4-amd64', java.version: '1.8.0_131'
Driver info: org.openqa.selenium.chrome.ChromeDriver
Capabilities [{applicationCacheEnabled=false, rotatable=false, mobileEmulationEnabled=false, networkConnectionEnabled=false, chrome={chromedriverVersion=2.30.477691 (6ee44a7247c639c0703f291d320bdf05c1531b57), userDataDir=/tmp/.org.chromium.Chromium.BaJ8YE}, takesHeapSnapshot=true, pageLoadStrategy=normal, unhandledPromptBehavior=, databaseEnabled=false, handlesAlerts=true, hasTouchScreen=false, version=59.0.3071.115, platform=LINUX, browserConnectionEnabled=false, nativeEvents=true, acceptSslCerts=true, locationContextEnabled=true, webStorageEnabled=true, browserName=chrome, takesScreenshot=true, javascriptEnabled=true, cssSelectorsEnabled=true, unexpectedAlertBehaviour=}]
Session ID: beb1657171c5fe545b367318df7f849c
*** Element info: {Using=xpath, value=//table[@id='userTable']/tbody/tr[4]/td}
	at org.ank.IStest.UserManagementTestCase.testUserAdd(UserManagementTestCase.java:84)
</failure>
  </testcase>
  <testcase name="testIdpCreation" classname="org.ank.IStest.IsHomeTestCase" time="2.962"/>
  <testcase name="testSPDelete" classname="org.ank.IStest.IsHomeTestCase" time="4.517"/>
  <testcase name="testIdpDelete" classname="org.ank.IStest.IsHomeTestCase" time="2.515"/>
</testsuite>